# JRE version: Java(TM) SE Runtime Environment 18.9 (11.0.7+8) (build 11.0.7+8-LTS)
# Java VM: Java HotSpot(TM) 64-Bit Server VM 18.9 (11.0.7+8-LTS, mixed mode, tiered, compressed oops, g1 gc, windows-amd64)
Heap:
 garbage-first heap   total 260096K, used 121666K [0x0000000702600000, 0x0000000800000000)
  region size 1024K, 94 young (96256K), 2 survivors (2048K)
 Metaspace       used 58629K, capacity 60659K, committed 60848K, reserved 1101824K
  class space    used 7436K, capacity 8242K, committed 8352K, reserved 1048576K
GC Heap History (10 events):
Event: 17012.424 GC heap before
{Heap before GC invocations=29 (full 0):
 garbage-first heap   total 260096K, used 181459K [0x0000000702600000, 0x0000000800000000)
  region size 1024K, 152 young (155648K), 3 survivors (3072K)
 Metaspace       used 58628K, capacity 60659K, committed 60848K, reserved 1101824K
  class space    used 7436K, capacity 8242K, committed 8352K, reserved 1048576K
}
Event: 17012.431 GC heap after
{Heap after GC invocations=30 (full 0):
 garbage-first heap   total 260096K, used 29521K [0x0000000702600000, 0x0000000800000000)
  region size 1024K, 2 young (2048K), 2 survivors (2048K)
 Metaspace       used 58628K, capacity 60659K, committed 60848K, reserved 1101824K
  class space    used 7436K, capacity 8242K, committed 8352K, reserved 1048576K
}
Event: 17808.169 GC heap before
{Heap before GC invocations=30 (full 0):
 garbage-first heap   total 260096K, used 182097K [0x0000000702600000, 0x0000000800000000)
  region size 1024K, 152 young (155648K), 2 survivors (2048K)
 Metaspace       used 58629K, capacity 60659K, committed 60848K, reserved 1101824K
  class space    used 7436K, capacity 8242K, committed 8352K, reserved 1048576K
}
Event: 17808.178 GC heap after
{Heap after GC invocations=31 (full 0):
 garbage-first heap   total 260096K, used 30140K [0x0000000702600000, 0x0000000800000000)
  region size 1024K, 3 young (3072K), 3 survivors (3072K)
 Metaspace       used 58629K, capacity 60659K, committed 60848K, reserved 1101824K
  class space    used 7436K, capacity 8242K, committed 8352K, reserved 1048576K
}
Event: 18587.241 GC heap before
{Heap before GC invocations=31 (full 0):
 garbage-first heap   total 260096K, used 181692K [0x0000000702600000, 0x0000000800000000)
  region size 1024K, 152 young (155648K), 3 survivors (3072K)
 Metaspace       used 58629K, capacity 60659K, committed 60848K, reserved 1101824K
  class space    used 7436K, capacity 8242K, committed 8352K, reserved 1048576K
}
Event: 18587.245 GC heap after
{Heap after GC invocations=32 (full 0):
 garbage-first heap   total 260096K, used 29887K [0x0000000702600000, 0x0000000800000000)
  region size 1024K, 2 young (2048K), 2 survivors (2048K)
 Metaspace       used 58629K, capacity 60659K, committed 60848K, reserved 1101824K
  class space    used 7436K, capacity 8242K, committed 8352K, reserved 1048576K
}
Event: 19378.192 GC heap before
{Heap before GC invocations=32 (full 0):
 garbage-first heap   total 260096K, used 182463K [0x0000000702600000, 0x0000000800000000)
  region size 1024K, 152 young (155648K), 2 survivors (2048K)
 Metaspace       used 58629K, capacity 60659K, committed 60848K, reserved 1101824K
  class space    used 7436K, capacity 8242K, committed 8352K, reserved 1048576K
}
Event: 19378.217 GC heap after
{Heap after GC invocations=33 (full 0):
 garbage-first heap   total 260096K, used 29805K [0x0000000702600000, 0x0000000800000000)
  region size 1024K, 2 young (2048K), 2 survivors (2048K)
 Metaspace       used 58629K, capacity 60659K, committed 60848K, reserved 1101824K
  class space    used 7436K, capacity 8242K, committed 8352K, reserved 1048576K
}
Event: 20168.058 GC heap before
{Heap before GC invocations=33 (full 0):
 garbage-first heap   total 260096K, used 183405K [0x0000000702600000, 0x0000000800000000)
  region size 1024K, 152 young (155648K), 2 survivors (2048K)
 Metaspace       used 58629K, capacity 60659K, committed 60848K, reserved 1101824K
  class space    used 7436K, capacity 8242K, committed 8352K, reserved 1048576K
}
Event: 20168.063 GC heap after
{Heap after GC invocations=34 (full 0):
 garbage-first heap   total 260096K, used 29506K [0x0000000702600000, 0x0000000800000000)
  region size 1024K, 2 young (2048K), 2 survivors (2048K)
 Metaspace       used 58629K, capacity 60659K, committed 60848K, reserved 1101824K
  class space    used 7436K, capacity 8242K, committed 8352K, reserved 1048576K
}

